<?xml version="1.0" encoding="UTF-8"?>
<testng-results skipped="0" failed="0" total="10" passed="10">
  <reporter-output>
  </reporter-output>
  <suite name="Default suite" duration-ms="1557" started-at="2016-08-10T21:36:39Z" finished-at="2016-08-10T21:36:41Z">
    <groups>
    </groups>
    <test name="Default test" duration-ms="1557" started-at="2016-08-10T21:36:39Z" finished-at="2016-08-10T21:36:41Z">
      <class name="com.app.testcases.DataProviderTest">
        <test-method status="PASS" signature="test([Ljava.lang.Object;)[pri:0, instance:com.app.testcases.DataProviderTest@dc4a691]" name="test" duration-ms="137" started-at="2016-08-10T16:36:40Z" data-provider="testDataProvider" finished-at="2016-08-10T16:36:40Z">
          <params>
            <param index="0">
              <value>
                <![CDATA[[Ljava.lang.String;@123d7057]]>
              </value>
            </param>
          </params>
          <reporter-output>
          </reporter-output>
        </test-method> <!-- test -->
        <test-method status="PASS" signature="test([Ljava.lang.Object;)[pri:0, instance:com.app.testcases.DataProviderTest@dc4a691]" name="test" duration-ms="11" started-at="2016-08-10T16:36:40Z" data-provider="testDataProvider" finished-at="2016-08-10T16:36:40Z">
          <params>
            <param index="0">
              <value>
                <![CDATA[[Ljava.lang.String;@4bb1b96b]]>
              </value>
            </param>
          </params>
          <reporter-output>
          </reporter-output>
        </test-method> <!-- test -->
        <test-method status="PASS" signature="test([Ljava.lang.Object;)[pri:0, instance:com.app.testcases.DataProviderTest@dc4a691]" name="test" duration-ms="11" started-at="2016-08-10T16:36:40Z" data-provider="testDataProvider" finished-at="2016-08-10T16:36:40Z">
          <params>
            <param index="0">
              <value>
                <![CDATA[[Ljava.lang.String;@1f66d8e1]]>
              </value>
            </param>
          </params>
          <reporter-output>
          </reporter-output>
        </test-method> <!-- test -->
        <test-method status="PASS" signature="test([Ljava.lang.Object;)[pri:0, instance:com.app.testcases.DataProviderTest@dc4a691]" name="test" duration-ms="6" started-at="2016-08-10T16:36:40Z" data-provider="testDataProvider" finished-at="2016-08-10T16:36:40Z">
          <params>
            <param index="0">
              <value>
                <![CDATA[[Ljava.lang.String;@3421debd]]>
              </value>
            </param>
          </params>
          <reporter-output>
          </reporter-output>
        </test-method> <!-- test -->
        <test-method status="PASS" signature="test([Ljava.lang.Object;)[pri:0, instance:com.app.testcases.DataProviderTest@dc4a691]" name="test" duration-ms="26" started-at="2016-08-10T16:36:40Z" data-provider="testDataProvider" finished-at="2016-08-10T16:36:40Z">
          <params>
            <param index="0">
              <value>
                <![CDATA[[Ljava.lang.String;@68b7d0ef]]>
              </value>
            </param>
          </params>
          <reporter-output>
          </reporter-output>
        </test-method> <!-- test -->
        <test-method status="PASS" signature="test([Ljava.lang.Object;)[pri:0, instance:com.app.testcases.DataProviderTest@dc4a691]" name="test" duration-ms="26" started-at="2016-08-10T16:36:40Z" data-provider="testDataProvider" finished-at="2016-08-10T16:36:40Z">
          <params>
            <param index="0">
              <value>
                <![CDATA[[Ljava.lang.String;@4a070cf0]]>
              </value>
            </param>
          </params>
          <reporter-output>
          </reporter-output>
        </test-method> <!-- test -->
        <test-method status="PASS" signature="test([Ljava.lang.Object;)[pri:0, instance:com.app.testcases.DataProviderTest@dc4a691]" name="test" duration-ms="10" started-at="2016-08-10T16:36:40Z" data-provider="testDataProvider" finished-at="2016-08-10T16:36:40Z">
          <params>
            <param index="0">
              <value>
                <![CDATA[[Ljava.lang.String;@202d9236]]>
              </value>
            </param>
          </params>
          <reporter-output>
          </reporter-output>
        </test-method> <!-- test -->
        <test-method status="PASS" signature="test([Ljava.lang.Object;)[pri:0, instance:com.app.testcases.DataProviderTest@dc4a691]" name="test" duration-ms="5" started-at="2016-08-10T16:36:40Z" data-provider="testDataProvider" finished-at="2016-08-10T16:36:40Z">
          <params>
            <param index="0">
              <value>
                <![CDATA[[Ljava.lang.String;@6d6ac396]]>
              </value>
            </param>
          </params>
          <reporter-output>
          </reporter-output>
        </test-method> <!-- test -->
        <test-method status="PASS" signature="test([Ljava.lang.Object;)[pri:0, instance:com.app.testcases.DataProviderTest@dc4a691]" name="test" duration-ms="7" started-at="2016-08-10T16:36:40Z" data-provider="testDataProvider" finished-at="2016-08-10T16:36:40Z">
          <params>
            <param index="0">
              <value>
                <![CDATA[[Ljava.lang.String;@f5a7226]]>
              </value>
            </param>
          </params>
          <reporter-output>
          </reporter-output>
        </test-method> <!-- test -->
        <test-method status="PASS" signature="test([Ljava.lang.Object;)[pri:0, instance:com.app.testcases.DataProviderTest@dc4a691]" name="test" duration-ms="12" started-at="2016-08-10T16:36:40Z" data-provider="testDataProvider" finished-at="2016-08-10T16:36:41Z">
          <params>
            <param index="0">
              <value>
                <![CDATA[[Ljava.lang.String;@6ad1701a]]>
              </value>
            </param>
          </params>
          <reporter-output>
          </reporter-output>
        </test-method> <!-- test -->
        <test-method status="FAIL" signature="tearDown()[pri:0, instance:com.app.testcases.DataProviderTest@dc4a691]" name="tearDown" is-config="true" duration-ms="0" started-at="2016-08-10T16:36:41Z" finished-at="2016-08-10T16:36:41Z">
          <exception class="java.lang.NullPointerException">
            <full-stacktrace>
              <![CDATA[java.lang.NullPointerException
	at com.app.testbase.WebDriverBase.tearDown(WebDriverBase.java:107)
	at sun.reflect.NativeMethodAccessorImpl.invoke0(Native Method)
	at sun.reflect.NativeMethodAccessorImpl.invoke(NativeMethodAccessorImpl.java:62)
	at sun.reflect.DelegatingMethodAccessorImpl.invoke(DelegatingMethodAccessorImpl.java:43)
	at java.lang.reflect.Method.invoke(Method.java:498)
	at org.testng.internal.MethodInvocationHelper.invokeMethod(MethodInvocationHelper.java:85)
	at org.testng.internal.Invoker.invokeConfigurationMethod(Invoker.java:510)
	at org.testng.internal.Invoker.invokeConfigurations(Invoker.java:211)
	at org.testng.internal.Invoker.invokeConfigurations(Invoker.java:138)
	at org.testng.internal.TestMethodWorker.invokeAfterClassMethods(TestMethodWorker.java:220)
	at org.testng.internal.TestMethodWorker.run(TestMethodWorker.java:111)
	at org.testng.TestRunner.privateRun(TestRunner.java:774)
	at org.testng.TestRunner.run(TestRunner.java:624)
	at org.testng.SuiteRunner.runTest(SuiteRunner.java:359)
	at org.testng.SuiteRunner.runSequentially(SuiteRunner.java:354)
	at org.testng.SuiteRunner.privateRun(SuiteRunner.java:312)
	at org.testng.SuiteRunner.run(SuiteRunner.java:261)
	at org.testng.SuiteRunnerWorker.runSuite(SuiteRunnerWorker.java:52)
	at org.testng.SuiteRunnerWorker.run(SuiteRunnerWorker.java:86)
	at org.testng.TestNG.runSuitesSequentially(TestNG.java:1215)
	at org.testng.TestNG.runSuitesLocally(TestNG.java:1140)
	at org.testng.TestNG.run(TestNG.java:1048)
	at org.testng.remote.AbstractRemoteTestNG.run(AbstractRemoteTestNG.java:126)
	at org.testng.remote.RemoteTestNG.initAndRun(RemoteTestNG.java:152)
	at org.testng.remote.RemoteTestNG.main(RemoteTestNG.java:57)
]]>
            </full-stacktrace>
          </exception> <!-- java.lang.NullPointerException -->
          <reporter-output>
          </reporter-output>
        </test-method> <!-- tearDown -->
      </class> <!-- com.app.testcases.DataProviderTest -->
    </test> <!-- Default test -->
  </suite> <!-- Default suite -->
</testng-results>
